<?xml version="1.0" encoding="UTF-8"?>
<testng-results ignored="0" total="1" passed="1" failed="0" skipped="0">
  <reporter-output>
  </reporter-output>
  <suite started-at="2025-11-25T09:49:02 CET" name="Surefire suite" finished-at="2025-11-25T09:50:05 CET" duration-ms="62774">
    <groups>
    </groups>
    <test started-at="2025-11-25T09:49:02 CET" name="Surefire test" finished-at="2025-11-25T09:50:05 CET" duration-ms="62774">
      <class name="com.example.eurodreamstests.SimpleAppiumTestIT">
        <test-method is-config="true" signature="setUp()[pri:0, instance:com.example.eurodreamstests.SimpleAppiumTestIT@7cf63b9a]" started-at="2025-11-25T09:49:02 CET" name="setUp" finished-at="2025-11-25T09:49:04 CET" duration-ms="1827" status="PASS">
          <reporter-output>
          </reporter-output>
        </test-method> <!-- setUp -->
        <test-method signature="fullScenarioTest()[pri:0, instance:com.example.eurodreamstests.SimpleAppiumTestIT@7cf63b9a]" started-at="2025-11-25T09:49:04 CET" name="fullScenarioTest" finished-at="2025-11-25T09:50:05 CET" duration-ms="60686" status="PASS">
          <reporter-output>
          </reporter-output>
        </test-method> <!-- fullScenarioTest -->
        <test-method is-config="true" signature="tearDown()[pri:0, instance:com.example.eurodreamstests.SimpleAppiumTestIT@7cf63b9a]" started-at="2025-11-25T09:50:05 CET" name="tearDown" finished-at="2025-11-25T09:50:05 CET" duration-ms="199" status="PASS">
          <reporter-output>
          </reporter-output>
        </test-method> <!-- tearDown -->
      </class> <!-- com.example.eurodreamstests.SimpleAppiumTestIT -->
    </test> <!-- Surefire test -->
  </suite> <!-- Surefire suite -->
</testng-results>
