<?xml version="1.0" encoding="UTF-8"?>
<testsuite xmlns:xsi="http://www.w3.org/2001/XMLSchema-instance" xsi:noNamespaceSchemaLocation="https://maven.apache.org/surefire/maven-surefire-plugin/xsd/surefire-test-report-3.0.xsd" version="3.0" name="com.example.eurodreamstests.SimpleAppiumTestIT" time="62.924" tests="1" errors="0" skipped="0" failures="0">
  <properties>
[...]
</properties>
  <testcase name="fullScenarioTest" classname="com.example.eurodreamstests.SimpleAppiumTestIT" time="60.676">
    <system-out><![CDATA[Current package: com.loro.app.retail.jint, activity: com.loro.app.ui.home.RetailActivity
Not running target app; continuing with current app: com.loro.app.retail.jint
Basket close button not present, continuing.
Stake input not present, continuing.
QR button not present or not clickable.
Gains text not found.
]]></system-out>
  </testcase>
</testsuite>